Iteration: 70
Population Size: 100

AGENT - Reached step limit.
Distance From Goal: 5

AGENT - Reached step limit.
Distance From Goal: 1

AGENT - Reached step limit.
Distance From Goal: 4

AGENT - Reached step limit.
Distance From Goal: 1

AGENT - Reached step limit.
Distance From Goal: 4

AGENT - Reached step limit.
Distance From Goal: 4

AGENT - Reached step limit.
Distance From Goal: 3

AGENT - Reached step limit.
Distance From Goal: 3

AGENT - Reached goal.
Distance From Goal: 0

AGENT - Reached goal.
Distance From Goal: 0

AGENT - Reached goal.
Distance From Goal: 0

AGENT - Reached step limit.
Distance From Goal: 7

AGENT - Reached step limit.
Distance From Goal: 1

AGENT - Reached goal.
Distance From Goal: 0

AGENT - Reached goal.
Distance From Goal: 0

AGENT - Reached goal.
Distance From Goal: 0

AGENT - Reached goal.
Distance From Goal: 0

AGENT - Reached goal.
Distance From Goal: 0

AGENT - Reached step limit.
Distance From Goal: 1

AGENT - Reached goal.
Distance From Goal: 0

AGENT - Reached step limit.
Distance From Goal: 1

AGENT - Reached step limit.
Distance From Goal: 1

AGENT - Reached step limit.
Distance From Goal: 2

AGENT - Reached goal.
Distance From Goal: 0

AGENT - Reached goal.
Distance From Goal: 0

AGENT - Reached step limit.
Distance From Goal: 3

AGENT - Reached step limit.
Distance From Goal: 2

AGENT - Reached goal.
Distance From Goal: 0

AGENT - Reached step limit.
Distance From Goal: 4

AGENT - Reached goal.
Distance From Goal: 0

AGENT - Reached step limit.
Distance From Goal: 6

AGENT - Reached step limit.
Distance From Goal: 1

AGENT - Reached step limit.
Distance From Goal: 1

AGENT - Reached step limit.
Distance From Goal: 1

AGENT - Reached step limit.
Distance From Goal: 1

AGENT - Reached step limit.
Distance From Goal: 5

AGENT - Reached step limit.
Distance From Goal: 10

AGENT - Reached goal.
Distance From Goal: 0

AGENT - Reached goal.
Distance From Goal: 0

AGENT - Reached step limit.
Distance From Goal: 2

AGENT - Reached step limit.
Distance From Goal: 1

AGENT - Reached step limit.
Distance From Goal: 6

AGENT - Reached step limit.
Distance From Goal: 1

AGENT - Reached goal.
Distance From Goal: 0

AGENT - Reached step limit.
Distance From Goal: 2

AGENT - Reached step limit.
Distance From Goal: 2

AGENT - Reached step limit.
Distance From Goal: 12

AGENT - Reached step limit.
Distance From Goal: 5

AGENT - Reached goal.
Distance From Goal: 0

AGENT - Reached step limit.
Distance From Goal: 1

AGENT - Reached step limit.
Distance From Goal: 2

AGENT - Reached goal.
Distance From Goal: 0

AGENT - Reached step limit.
Distance From Goal: 4

AGENT - Reached goal.
Distance From Goal: 0

AGENT - Reached step limit.
Distance From Goal: 1

AGENT - Reached goal.
Distance From Goal: 0

AGENT - Reached step limit.
Distance From Goal: 4

AGENT - Reached step limit.
Distance From Goal: 6

AGENT - Reached step limit.
Distance From Goal: 1

AGENT - Reached step limit.
Distance From Goal: 1

AGENT - Reached step limit.
Distance From Goal: 7

AGENT - Reached step limit.
Distance From Goal: 4

AGENT - Reached goal.
Distance From Goal: 0

AGENT - Reached goal.
Distance From Goal: 0

AGENT - Reached step limit.
Distance From Goal: 1

AGENT - Reached step limit.
Distance From Goal: 1

AGENT - Reached step limit.
Distance From Goal: 2

AGENT - Reached goal.
Distance From Goal: 0

AGENT - Reached goal.
Distance From Goal: 0

AGENT - Reached step limit.
Distance From Goal: 3

AGENT - Reached goal.
Distance From Goal: 0

AGENT - Reached goal.
Distance From Goal: 0

AGENT - Reached step limit.
Distance From Goal: 4

AGENT - Reached step limit.
Distance From Goal: 1

AGENT - Reached step limit.
Distance From Goal: 4

AGENT - Reached step limit.
Distance From Goal: 4

AGENT - Reached goal.
Distance From Goal: 0

AGENT - Reached step limit.
Distance From Goal: 1

AGENT - Reached step limit.
Distance From Goal: 2

AGENT - Reached goal.
Distance From Goal: 0

AGENT - Reached step limit.
Distance From Goal: 2

AGENT - Reached goal.
Distance From Goal: 0

AGENT - Reached step limit.
Distance From Goal: 4

AGENT - Reached goal.
Distance From Goal: 0

AGENT - Reached step limit.
Distance From Goal: 1

AGENT - Reached step limit.
Distance From Goal: 1

AGENT - Reached step limit.
Distance From Goal: 1

AGENT - Reached step limit.
Distance From Goal: 1

AGENT - Reached step limit.
Distance From Goal: 7

AGENT - Reached goal.
Distance From Goal: 0

AGENT - Reached step limit.
Distance From Goal: 4

AGENT - Reached goal.
Distance From Goal: 0

AGENT - Reached goal.
Distance From Goal: 0

AGENT - Reached step limit.
Distance From Goal: 3

AGENT - Reached step limit.
Distance From Goal: 1

AGENT - Reached step limit.
Distance From Goal: 1

AGENT - Reached goal.
Distance From Goal: 0

AGENT - Reached step limit.
Distance From Goal: 1

AGENT - Reached step limit.
Distance From Goal: 9

AGENT - Reached step limit.
Distance From Goal: 2

