Iteration: 92
Population Size: 100

AGENT - Reached step limit.
Distance From Goal: 1

AGENT - Reached goal.
Distance From Goal: 0

AGENT - Reached goal.
Distance From Goal: 0

AGENT - Reached goal.
Distance From Goal: 0

AGENT - Reached step limit.
Distance From Goal: 1

AGENT - Reached goal.
Distance From Goal: 0

AGENT - Reached goal.
Distance From Goal: 0

AGENT - Reached goal.
Distance From Goal: 0

AGENT - Reached goal.
Distance From Goal: 0

AGENT - Reached goal.
Distance From Goal: 0

AGENT - Reached goal.
Distance From Goal: 0

AGENT - Reached step limit.
Distance From Goal: 1

AGENT - Reached step limit.
Distance From Goal: 2

AGENT - Reached goal.
Distance From Goal: 0

AGENT - Reached goal.
Distance From Goal: 0

AGENT - Reached step limit.
Distance From Goal: 1

AGENT - Reached goal.
Distance From Goal: 0

AGENT - Reached step limit.
Distance From Goal: 1

AGENT - Reached goal.
Distance From Goal: 0

AGENT - Reached goal.
Distance From Goal: 0

AGENT - Reached step limit.
Distance From Goal: 1

AGENT - Reached goal.
Distance From Goal: 0

AGENT - Reached goal.
Distance From Goal: 0

AGENT - Reached goal.
Distance From Goal: 0

AGENT - Reached goal.
Distance From Goal: 0

AGENT - Reached goal.
Distance From Goal: 0

AGENT - Reached goal.
Distance From Goal: 0

AGENT - Reached step limit.
Distance From Goal: 1

AGENT - Reached goal.
Distance From Goal: 0

AGENT - Reached goal.
Distance From Goal: 0

AGENT - Reached goal.
Distance From Goal: 0

AGENT - Reached step limit.
Distance From Goal: 1

AGENT - Reached step limit.
Distance From Goal: 1

AGENT - Reached step limit.
Distance From Goal: 1

AGENT - Reached step limit.
Distance From Goal: 1

AGENT - Reached step limit.
Distance From Goal: 1

AGENT - Reached step limit.
Distance From Goal: 1

AGENT - Reached goal.
Distance From Goal: 0

AGENT - Reached step limit.
Distance From Goal: 1

AGENT - Reached goal.
Distance From Goal: 0

AGENT - Reached goal.
Distance From Goal: 0

AGENT - Reached goal.
Distance From Goal: 0

AGENT - Reached goal.
Distance From Goal: 0

AGENT - Reached step limit.
Distance From Goal: 1

AGENT - Reached step limit.
Distance From Goal: 5

AGENT - Reached goal.
Distance From Goal: 0

AGENT - Reached step limit.
Distance From Goal: 1

AGENT - Reached step limit.
Distance From Goal: 1

AGENT - Reached step limit.
Distance From Goal: 1

AGENT - Reached goal.
Distance From Goal: 0

AGENT - Reached goal.
Distance From Goal: 0

AGENT - Reached goal.
Distance From Goal: 0

AGENT - Reached step limit.
Distance From Goal: 1

AGENT - Reached goal.
Distance From Goal: 0

AGENT - Reached step limit.
Distance From Goal: 1

AGENT - Reached goal.
Distance From Goal: 0

AGENT - Reached goal.
Distance From Goal: 0

AGENT - Reached goal.
Distance From Goal: 0

AGENT - Reached goal.
Distance From Goal: 0

AGENT - Reached goal.
Distance From Goal: 0

AGENT - Reached goal.
Distance From Goal: 0

AGENT - Reached goal.
Distance From Goal: 0

AGENT - Reached step limit.
Distance From Goal: 1

AGENT - Reached goal.
Distance From Goal: 0

AGENT - Reached step limit.
Distance From Goal: 2

AGENT - Reached step limit.
Distance From Goal: 4

AGENT - Reached step limit.
Distance From Goal: 1

AGENT - Reached step limit.
Distance From Goal: 1

AGENT - Reached step limit.
Distance From Goal: 2

AGENT - Reached goal.
Distance From Goal: 0

AGENT - Reached step limit.
Distance From Goal: 1

AGENT - Reached goal.
Distance From Goal: 0

AGENT - Reached goal.
Distance From Goal: 0

AGENT - Reached step limit.
Distance From Goal: 1

AGENT - Reached step limit.
Distance From Goal: 1

AGENT - Reached goal.
Distance From Goal: 0

AGENT - Reached goal.
Distance From Goal: 0

AGENT - Reached goal.
Distance From Goal: 0

AGENT - Reached step limit.
Distance From Goal: 4

AGENT - Reached goal.
Distance From Goal: 0

AGENT - Reached goal.
Distance From Goal: 0

AGENT - Reached goal.
Distance From Goal: 0

AGENT - Reached step limit.
Distance From Goal: 1

AGENT - Reached goal.
Distance From Goal: 0

AGENT - Reached step limit.
Distance From Goal: 1

AGENT - Reached goal.
Distance From Goal: 0

AGENT - Reached goal.
Distance From Goal: 0

AGENT - Reached goal.
Distance From Goal: 0

AGENT - Reached goal.
Distance From Goal: 0

AGENT - Reached goal.
Distance From Goal: 0

AGENT - Reached goal.
Distance From Goal: 0

AGENT - Reached step limit.
Distance From Goal: 1

AGENT - Reached goal.
Distance From Goal: 0

AGENT - Reached goal.
Distance From Goal: 0

AGENT - Reached goal.
Distance From Goal: 0

AGENT - Reached goal.
Distance From Goal: 0

AGENT - Reached goal.
Distance From Goal: 0

AGENT - Reached step limit.
Distance From Goal: 1

AGENT - Reached goal.
Distance From Goal: 0

AGENT - Reached step limit.
Distance From Goal: 1

