Iteration: 6
Population Size: 100

AGENT - Reached step limit.
Distance From Goal: 7

AGENT - Reached step limit.
Distance From Goal: 11

AGENT - Reached step limit.
Distance From Goal: 6

AGENT - Reached step limit.
Distance From Goal: 8

AGENT - Reached step limit.
Distance From Goal: 7

AGENT - Reached step limit.
Distance From Goal: 7

AGENT - Reached step limit.
Distance From Goal: 15

AGENT - Reached step limit.
Distance From Goal: 7

AGENT - Reached step limit.
Distance From Goal: 10

AGENT - Reached step limit.
Distance From Goal: 11

AGENT - Got caught.
Distance From Goal: 7

AGENT - Reached step limit.
Distance From Goal: 7

AGENT - Reached step limit.
Distance From Goal: 14

AGENT - Reached step limit.
Distance From Goal: 11

AGENT - Reached step limit.
Distance From Goal: 8

AGENT - Reached step limit.
Distance From Goal: 7

AGENT - Reached step limit.
Distance From Goal: 11

AGENT - Reached step limit.
Distance From Goal: 7

AGENT - Got caught.
Distance From Goal: 7

AGENT - Reached step limit.
Distance From Goal: 6

AGENT - Got caught.
Distance From Goal: 9

AGENT - Got caught.
Distance From Goal: 7

AGENT - Reached step limit.
Distance From Goal: 6

AGENT - Reached step limit.
Distance From Goal: 8

AGENT - Got caught.
Distance From Goal: 7

AGENT - Reached step limit.
Distance From Goal: 6

AGENT - Reached step limit.
Distance From Goal: 14

AGENT - Reached step limit.
Distance From Goal: 15

AGENT - Reached step limit.
Distance From Goal: 13

AGENT - Reached step limit.
Distance From Goal: 8

AGENT - Got caught.
Distance From Goal: 7

AGENT - Got caught.
Distance From Goal: 9

AGENT - Reached step limit.
Distance From Goal: 12

AGENT - Reached step limit.
Distance From Goal: 7

AGENT - Reached step limit.
Distance From Goal: 12

AGENT - Reached step limit.
Distance From Goal: 7

AGENT - Reached step limit.
Distance From Goal: 5

AGENT - Got caught.
Distance From Goal: 7

AGENT - Reached step limit.
Distance From Goal: 6

AGENT - Reached step limit.
Distance From Goal: 11

AGENT - Reached step limit.
Distance From Goal: 11

AGENT - Reached step limit.
Distance From Goal: 8

AGENT - Reached step limit.
Distance From Goal: 13

AGENT - Reached step limit.
Distance From Goal: 6

AGENT - Reached step limit.
Distance From Goal: 15

AGENT - Got caught.
Distance From Goal: 7

AGENT - Reached step limit.
Distance From Goal: 13

AGENT - Reached step limit.
Distance From Goal: 7

AGENT - Got caught.
Distance From Goal: 8

AGENT - Reached step limit.
Distance From Goal: 11

AGENT - Reached step limit.
Distance From Goal: 7

AGENT - Reached step limit.
Distance From Goal: 6

AGENT - Reached step limit.
Distance From Goal: 10

AGENT - Reached step limit.
Distance From Goal: 10

AGENT - Reached step limit.
Distance From Goal: 7

AGENT - Reached step limit.
Distance From Goal: 8

AGENT - Reached step limit.
Distance From Goal: 7

AGENT - Reached step limit.
Distance From Goal: 11

AGENT - Reached step limit.
Distance From Goal: 15

AGENT - Got caught.
Distance From Goal: 7

AGENT - Reached step limit.
Distance From Goal: 6

AGENT - Reached step limit.
Distance From Goal: 13

AGENT - Reached step limit.
Distance From Goal: 7

AGENT - Reached step limit.
Distance From Goal: 11

AGENT - Reached step limit.
Distance From Goal: 8

AGENT - Reached step limit.
Distance From Goal: 15

AGENT - Reached step limit.
Distance From Goal: 7

AGENT - Reached step limit.
Distance From Goal: 7

AGENT - Got caught.
Distance From Goal: 9

AGENT - Reached step limit.
Distance From Goal: 14

AGENT - Got caught.
Distance From Goal: 9

AGENT - Reached step limit.
Distance From Goal: 15

AGENT - Reached step limit.
Distance From Goal: 11

AGENT - Reached step limit.
Distance From Goal: 11

AGENT - Got caught.
Distance From Goal: 9

AGENT - Reached step limit.
Distance From Goal: 11

AGENT - Reached step limit.
Distance From Goal: 11

AGENT - Reached step limit.
Distance From Goal: 15

AGENT - Reached step limit.
Distance From Goal: 15

AGENT - Reached step limit.
Distance From Goal: 11

AGENT - Got caught.
Distance From Goal: 7

AGENT - Reached step limit.
Distance From Goal: 7

AGENT - Reached step limit.
Distance From Goal: 7

AGENT - Reached step limit.
Distance From Goal: 6

AGENT - Reached step limit.
Distance From Goal: 4

AGENT - Reached step limit.
Distance From Goal: 7

AGENT - Reached step limit.
Distance From Goal: 10

AGENT - Reached step limit.
Distance From Goal: 11

AGENT - Reached step limit.
Distance From Goal: 15

AGENT - Reached step limit.
Distance From Goal: 14

AGENT - Got caught.
Distance From Goal: 9

AGENT - Reached step limit.
Distance From Goal: 7

AGENT - Reached step limit.
Distance From Goal: 15

AGENT - Reached step limit.
Distance From Goal: 8

AGENT - Reached step limit.
Distance From Goal: 5

AGENT - Got caught.
Distance From Goal: 7

AGENT - Reached step limit.
Distance From Goal: 10

AGENT - Reached step limit.
Distance From Goal: 7

AGENT - Reached step limit.
Distance From Goal: 7

AGENT - Reached step limit.
Distance From Goal: 5

