Iteration: 70
Population Size: 100

AGENT - Reached step limit.
Distance From Goal: 7

AGENT - Reached step limit.
Distance From Goal: 2

AGENT - Reached step limit.
Distance From Goal: 4

AGENT - Reached step limit.
Distance From Goal: 5

AGENT - Reached step limit.
Distance From Goal: 7

AGENT - Reached step limit.
Distance From Goal: 2

AGENT - Reached step limit.
Distance From Goal: 7

AGENT - Reached step limit.
Distance From Goal: 8

AGENT - Reached step limit.
Distance From Goal: 7

AGENT - Reached step limit.
Distance From Goal: 7

AGENT - Reached step limit.
Distance From Goal: 6

AGENT - Reached step limit.
Distance From Goal: 7

AGENT - Reached step limit.
Distance From Goal: 4

AGENT - Reached step limit.
Distance From Goal: 5

AGENT - Reached step limit.
Distance From Goal: 4

AGENT - Reached step limit.
Distance From Goal: 5

AGENT - Reached step limit.
Distance From Goal: 7

AGENT - Reached step limit.
Distance From Goal: 8

AGENT - Reached step limit.
Distance From Goal: 4

AGENT - Reached step limit.
Distance From Goal: 7

AGENT - Reached step limit.
Distance From Goal: 4

AGENT - Reached step limit.
Distance From Goal: 5

AGENT - Reached step limit.
Distance From Goal: 4

AGENT - Reached step limit.
Distance From Goal: 4

AGENT - Reached step limit.
Distance From Goal: 5

AGENT - Reached step limit.
Distance From Goal: 7

AGENT - Reached step limit.
Distance From Goal: 4

AGENT - Reached step limit.
Distance From Goal: 5

AGENT - Reached step limit.
Distance From Goal: 4

AGENT - Reached step limit.
Distance From Goal: 5

AGENT - Reached step limit.
Distance From Goal: 2

AGENT - Reached step limit.
Distance From Goal: 4

AGENT - Reached step limit.
Distance From Goal: 7

AGENT - Reached step limit.
Distance From Goal: 10

AGENT - Reached step limit.
Distance From Goal: 7

AGENT - Reached step limit.
Distance From Goal: 5

AGENT - Reached step limit.
Distance From Goal: 7

AGENT - Reached step limit.
Distance From Goal: 4

AGENT - Reached step limit.
Distance From Goal: 5

AGENT - Reached step limit.
Distance From Goal: 4

AGENT - Reached step limit.
Distance From Goal: 4

AGENT - Reached step limit.
Distance From Goal: 7

AGENT - Reached step limit.
Distance From Goal: 12

AGENT - Reached step limit.
Distance From Goal: 7

AGENT - Reached step limit.
Distance From Goal: 4

AGENT - Reached step limit.
Distance From Goal: 4

AGENT - Reached step limit.
Distance From Goal: 4

AGENT - Got caught.
Distance From Goal: 8

AGENT - Reached step limit.
Distance From Goal: 7

AGENT - Reached step limit.
Distance From Goal: 7

AGENT - Reached step limit.
Distance From Goal: 7

AGENT - Reached step limit.
Distance From Goal: 7

AGENT - Reached step limit.
Distance From Goal: 7

AGENT - Reached step limit.
Distance From Goal: 7

AGENT - Reached step limit.
Distance From Goal: 4

AGENT - Reached step limit.
Distance From Goal: 8

AGENT - Reached step limit.
Distance From Goal: 3

AGENT - Reached step limit.
Distance From Goal: 7

AGENT - Reached step limit.
Distance From Goal: 4

AGENT - Reached step limit.
Distance From Goal: 7

AGENT - Reached step limit.
Distance From Goal: 4

AGENT - Reached step limit.
Distance From Goal: 2

AGENT - Reached step limit.
Distance From Goal: 8

AGENT - Reached step limit.
Distance From Goal: 7

AGENT - Reached step limit.
Distance From Goal: 5

AGENT - Reached step limit.
Distance From Goal: 4

AGENT - Reached step limit.
Distance From Goal: 2

AGENT - Reached step limit.
Distance From Goal: 4

AGENT - Reached step limit.
Distance From Goal: 4

AGENT - Reached step limit.
Distance From Goal: 4

AGENT - Reached step limit.
Distance From Goal: 7

AGENT - Reached step limit.
Distance From Goal: 5

AGENT - Reached step limit.
Distance From Goal: 4

AGENT - Reached step limit.
Distance From Goal: 2

AGENT - Reached step limit.
Distance From Goal: 8

AGENT - Reached step limit.
Distance From Goal: 4

AGENT - Reached step limit.
Distance From Goal: 4

AGENT - Reached step limit.
Distance From Goal: 2

AGENT - Reached step limit.
Distance From Goal: 4

AGENT - Reached step limit.
Distance From Goal: 4

AGENT - Reached step limit.
Distance From Goal: 5

AGENT - Reached step limit.
Distance From Goal: 4

AGENT - Reached step limit.
Distance From Goal: 7

AGENT - Reached step limit.
Distance From Goal: 5

AGENT - Reached step limit.
Distance From Goal: 8

AGENT - Reached step limit.
Distance From Goal: 7

AGENT - Reached step limit.
Distance From Goal: 7

AGENT - Reached step limit.
Distance From Goal: 4

AGENT - Reached step limit.
Distance From Goal: 5

AGENT - Reached step limit.
Distance From Goal: 7

AGENT - Reached step limit.
Distance From Goal: 8

AGENT - Reached step limit.
Distance From Goal: 7

AGENT - Reached step limit.
Distance From Goal: 4

AGENT - Reached step limit.
Distance From Goal: 5

AGENT - Reached step limit.
Distance From Goal: 4

AGENT - Reached step limit.
Distance From Goal: 7

AGENT - Reached step limit.
Distance From Goal: 7

AGENT - Reached step limit.
Distance From Goal: 4

AGENT - Reached step limit.
Distance From Goal: 3

AGENT - Reached step limit.
Distance From Goal: 5

