Iteration: 98
Population Size: 100

AGENT - Got caught.
Distance From Goal: 7

AGENT - Reached step limit.
Distance From Goal: 15

AGENT - Reached goal.
Distance From Goal: 0

AGENT - Got caught.
Distance From Goal: 4

AGENT - Got caught.
Distance From Goal: 6

AGENT - Reached goal.
Distance From Goal: 0

AGENT - Got caught.
Distance From Goal: 4

AGENT - Reached goal.
Distance From Goal: 0

AGENT - Reached goal.
Distance From Goal: 0

AGENT - Reached goal.
Distance From Goal: 0

AGENT - Got caught.
Distance From Goal: 7

AGENT - Got caught.
Distance From Goal: 6

AGENT - Got caught.
Distance From Goal: 6

AGENT - Got caught.
Distance From Goal: 6

AGENT - Reached goal.
Distance From Goal: 0

AGENT - Got caught.
Distance From Goal: 5

AGENT - Got caught.
Distance From Goal: 6

AGENT - Reached step limit.
Distance From Goal: 1

AGENT - Got caught.
Distance From Goal: 5

AGENT - Reached goal.
Distance From Goal: 0

AGENT - Got caught.
Distance From Goal: 6

AGENT - Got caught.
Distance From Goal: 6

AGENT - Got caught.
Distance From Goal: 7

AGENT - Got caught.
Distance From Goal: 5

AGENT - Got caught.
Distance From Goal: 7

AGENT - Got caught.
Distance From Goal: 4

AGENT - Reached goal.
Distance From Goal: 0

AGENT - Got caught.
Distance From Goal: 6

AGENT - Reached goal.
Distance From Goal: 0

AGENT - Got caught.
Distance From Goal: 4

AGENT - Got caught.
Distance From Goal: 6

AGENT - Got caught.
Distance From Goal: 7

AGENT - Got caught.
Distance From Goal: 5

AGENT - Reached goal.
Distance From Goal: 0

AGENT - Got caught.
Distance From Goal: 6

AGENT - Reached step limit.
Distance From Goal: 15

AGENT - Reached goal.
Distance From Goal: 0

AGENT - Got caught.
Distance From Goal: 5

AGENT - Got caught.
Distance From Goal: 6

AGENT - Reached goal.
Distance From Goal: 0

AGENT - Got caught.
Distance From Goal: 4

AGENT - Got caught.
Distance From Goal: 6

AGENT - Got caught.
Distance From Goal: 7

AGENT - Got caught.
Distance From Goal: 5

AGENT - Got caught.
Distance From Goal: 6

AGENT - Reached step limit.
Distance From Goal: 1

AGENT - Got caught.
Distance From Goal: 7

AGENT - Got caught.
Distance From Goal: 5

AGENT - Got caught.
Distance From Goal: 6

AGENT - Reached goal.
Distance From Goal: 0

AGENT - Got caught.
Distance From Goal: 4

AGENT - Got caught.
Distance From Goal: 6

AGENT - Got caught.
Distance From Goal: 7

AGENT - Got caught.
Distance From Goal: 5

AGENT - Got caught.
Distance From Goal: 6

AGENT - Reached goal.
Distance From Goal: 0

AGENT - Got caught.
Distance From Goal: 6

AGENT - Reached step limit.
Distance From Goal: 1

AGENT - Reached goal.
Distance From Goal: 0

AGENT - Got caught.
Distance From Goal: 7

AGENT - Reached step limit.
Distance From Goal: 10

AGENT - Reached goal.
Distance From Goal: 0

AGENT - Reached step limit.
Distance From Goal: 12

AGENT - Reached goal.
Distance From Goal: 0

AGENT - Got caught.
Distance From Goal: 6

AGENT - Got caught.
Distance From Goal: 6

AGENT - Got caught.
Distance From Goal: 6

AGENT - Got caught.
Distance From Goal: 7

AGENT - Got caught.
Distance From Goal: 5

AGENT - Got caught.
Distance From Goal: 6

AGENT - Reached goal.
Distance From Goal: 0

AGENT - Got caught.
Distance From Goal: 6

AGENT - Reached goal.
Distance From Goal: 0

AGENT - Got caught.
Distance From Goal: 7

AGENT - Got caught.
Distance From Goal: 6

AGENT - Got caught.
Distance From Goal: 6

AGENT - Got caught.
Distance From Goal: 6

AGENT - Got caught.
Distance From Goal: 6

AGENT - Reached goal.
Distance From Goal: 0

AGENT - Got caught.
Distance From Goal: 5

AGENT - Got caught.
Distance From Goal: 6

AGENT - Got caught.
Distance From Goal: 5

AGENT - Reached goal.
Distance From Goal: 0

AGENT - Got caught.
Distance From Goal: 5

AGENT - Got caught.
Distance From Goal: 6

AGENT - Reached goal.
Distance From Goal: 0

AGENT - Got caught.
Distance From Goal: 6

AGENT - Reached step limit.
Distance From Goal: 1

AGENT - Reached goal.
Distance From Goal: 0

AGENT - Got caught.
Distance From Goal: 6

AGENT - Reached step limit.
Distance From Goal: 1

AGENT - Reached goal.
Distance From Goal: 0

AGENT - Got caught.
Distance From Goal: 4

AGENT - Got caught.
Distance From Goal: 6

AGENT - Got caught.
Distance From Goal: 7

AGENT - Got caught.
Distance From Goal: 5

AGENT - Got caught.
Distance From Goal: 7

AGENT - Got caught.
Distance From Goal: 4

AGENT - Got caught.
Distance From Goal: 7

AGENT - Reached goal.
Distance From Goal: 0

