Iteration: 60
Population Size: 100

AGENT - Reached goal.
Distance From Goal: 0

AGENT - Reached goal.
Distance From Goal: 0

AGENT - Reached goal.
Distance From Goal: 0

AGENT - Reached goal.
Distance From Goal: 0

AGENT - Reached goal.
Distance From Goal: 0

AGENT - Reached step limit.
Distance From Goal: 3

AGENT - Reached goal.
Distance From Goal: 0

AGENT - Reached step limit.
Distance From Goal: 3

AGENT - Reached goal.
Distance From Goal: 0

AGENT - Reached goal.
Distance From Goal: 0

AGENT - Reached goal.
Distance From Goal: 0

AGENT - Reached goal.
Distance From Goal: 0

AGENT - Reached goal.
Distance From Goal: 0

AGENT - Reached goal.
Distance From Goal: 0

AGENT - Reached goal.
Distance From Goal: 0

AGENT - Reached goal.
Distance From Goal: 0

AGENT - Reached goal.
Distance From Goal: 0

AGENT - Reached goal.
Distance From Goal: 0

AGENT - Reached goal.
Distance From Goal: 0

AGENT - Reached goal.
Distance From Goal: 0

AGENT - Got caught.
Distance From Goal: 9

AGENT - Reached goal.
Distance From Goal: 0

AGENT - Reached goal.
Distance From Goal: 0

AGENT - Reached goal.
Distance From Goal: 0

AGENT - Reached goal.
Distance From Goal: 0

AGENT - Reached goal.
Distance From Goal: 0

AGENT - Reached goal.
Distance From Goal: 0

AGENT - Reached goal.
Distance From Goal: 0

AGENT - Got caught.
Distance From Goal: 7

AGENT - Reached goal.
Distance From Goal: 0

AGENT - Reached goal.
Distance From Goal: 0

AGENT - Reached goal.
Distance From Goal: 0

AGENT - Reached goal.
Distance From Goal: 0

AGENT - Reached goal.
Distance From Goal: 0

AGENT - Reached goal.
Distance From Goal: 0

AGENT - Reached goal.
Distance From Goal: 0

AGENT - Reached goal.
Distance From Goal: 0

AGENT - Reached goal.
Distance From Goal: 0

AGENT - Reached goal.
Distance From Goal: 0

AGENT - Reached goal.
Distance From Goal: 0

AGENT - Reached step limit.
Distance From Goal: 9

AGENT - Reached goal.
Distance From Goal: 0

AGENT - Reached goal.
Distance From Goal: 0

AGENT - Reached goal.
Distance From Goal: 0

AGENT - Reached goal.
Distance From Goal: 0

AGENT - Reached goal.
Distance From Goal: 0

AGENT - Reached goal.
Distance From Goal: 0

AGENT - Reached goal.
Distance From Goal: 0

AGENT - Reached goal.
Distance From Goal: 0

AGENT - Reached goal.
Distance From Goal: 0

AGENT - Reached goal.
Distance From Goal: 0

AGENT - Reached goal.
Distance From Goal: 0

AGENT - Reached goal.
Distance From Goal: 0

AGENT - Reached goal.
Distance From Goal: 0

AGENT - Reached goal.
Distance From Goal: 0

AGENT - Reached goal.
Distance From Goal: 0

AGENT - Reached goal.
Distance From Goal: 0

AGENT - Reached goal.
Distance From Goal: 0

AGENT - Reached goal.
Distance From Goal: 0

AGENT - Reached goal.
Distance From Goal: 0

AGENT - Reached goal.
Distance From Goal: 0

AGENT - Reached step limit.
Distance From Goal: 8

AGENT - Reached goal.
Distance From Goal: 0

AGENT - Reached step limit.
Distance From Goal: 12

AGENT - Reached goal.
Distance From Goal: 0

AGENT - Reached goal.
Distance From Goal: 0

AGENT - Reached goal.
Distance From Goal: 0

AGENT - Reached goal.
Distance From Goal: 0

AGENT - Reached goal.
Distance From Goal: 0

AGENT - Reached goal.
Distance From Goal: 0

AGENT - Reached step limit.
Distance From Goal: 7

AGENT - Reached step limit.
Distance From Goal: 15

AGENT - Got caught.
Distance From Goal: 9

AGENT - Reached goal.
Distance From Goal: 0

AGENT - Reached goal.
Distance From Goal: 0

AGENT - Reached goal.
Distance From Goal: 0

AGENT - Reached goal.
Distance From Goal: 0

AGENT - Reached goal.
Distance From Goal: 0

AGENT - Reached goal.
Distance From Goal: 0

AGENT - Reached goal.
Distance From Goal: 0

AGENT - Reached goal.
Distance From Goal: 0

AGENT - Reached goal.
Distance From Goal: 0

AGENT - Reached goal.
Distance From Goal: 0

AGENT - Reached goal.
Distance From Goal: 0

AGENT - Reached goal.
Distance From Goal: 0

AGENT - Reached goal.
Distance From Goal: 0

AGENT - Reached goal.
Distance From Goal: 0

AGENT - Reached goal.
Distance From Goal: 0

AGENT - Reached goal.
Distance From Goal: 0

AGENT - Reached goal.
Distance From Goal: 0

AGENT - Reached goal.
Distance From Goal: 0

AGENT - Reached goal.
Distance From Goal: 0

AGENT - Reached goal.
Distance From Goal: 0

AGENT - Reached goal.
Distance From Goal: 0

AGENT - Reached goal.
Distance From Goal: 0

AGENT - Reached goal.
Distance From Goal: 0

AGENT - Reached goal.
Distance From Goal: 0

AGENT - Reached goal.
Distance From Goal: 0

AGENT - Reached goal.
Distance From Goal: 0

AGENT - Reached step limit.
Distance From Goal: 3

