Iteration: 90
Population Size: 100

AGENT - Reached goal.
Distance From Goal: 0

AGENT - Reached goal.
Distance From Goal: 0

AGENT - Reached goal.
Distance From Goal: 0

AGENT - Reached step limit.
Distance From Goal: 4

AGENT - Reached goal.
Distance From Goal: 0

AGENT - Reached goal.
Distance From Goal: 0

AGENT - Reached goal.
Distance From Goal: 0

AGENT - Reached goal.
Distance From Goal: 0

AGENT - Reached goal.
Distance From Goal: 0

AGENT - Reached goal.
Distance From Goal: 0

AGENT - Reached goal.
Distance From Goal: 0

AGENT - Reached goal.
Distance From Goal: 0

AGENT - Reached goal.
Distance From Goal: 0

AGENT - Reached step limit.
Distance From Goal: 8

AGENT - Reached goal.
Distance From Goal: 0

AGENT - Reached goal.
Distance From Goal: 0

AGENT - Reached goal.
Distance From Goal: 0

AGENT - Reached goal.
Distance From Goal: 0

AGENT - Reached goal.
Distance From Goal: 0

AGENT - Reached goal.
Distance From Goal: 0

AGENT - Reached goal.
Distance From Goal: 0

AGENT - Reached goal.
Distance From Goal: 0

AGENT - Reached goal.
Distance From Goal: 0

AGENT - Reached goal.
Distance From Goal: 0

AGENT - Reached goal.
Distance From Goal: 0

AGENT - Reached goal.
Distance From Goal: 0

AGENT - Reached goal.
Distance From Goal: 0

AGENT - Reached goal.
Distance From Goal: 0

AGENT - Reached goal.
Distance From Goal: 0

AGENT - Reached goal.
Distance From Goal: 0

AGENT - Reached step limit.
Distance From Goal: 4

AGENT - Reached goal.
Distance From Goal: 0

AGENT - Reached goal.
Distance From Goal: 0

AGENT - Reached goal.
Distance From Goal: 0

AGENT - Reached goal.
Distance From Goal: 0

AGENT - Reached goal.
Distance From Goal: 0

AGENT - Reached goal.
Distance From Goal: 0

AGENT - Reached goal.
Distance From Goal: 0

AGENT - Reached goal.
Distance From Goal: 0

AGENT - Reached goal.
Distance From Goal: 0

AGENT - Reached goal.
Distance From Goal: 0

AGENT - Reached step limit.
Distance From Goal: 4

AGENT - Reached goal.
Distance From Goal: 0

AGENT - Reached goal.
Distance From Goal: 0

AGENT - Reached goal.
Distance From Goal: 0

AGENT - Reached goal.
Distance From Goal: 0

AGENT - Reached step limit.
Distance From Goal: 4

AGENT - Reached goal.
Distance From Goal: 0

AGENT - Reached goal.
Distance From Goal: 0

AGENT - Reached goal.
Distance From Goal: 0

AGENT - Reached goal.
Distance From Goal: 0

AGENT - Reached goal.
Distance From Goal: 0

AGENT - Reached goal.
Distance From Goal: 0

AGENT - Reached goal.
Distance From Goal: 0

AGENT - Reached goal.
Distance From Goal: 0

AGENT - Reached goal.
Distance From Goal: 0

AGENT - Reached goal.
Distance From Goal: 0

AGENT - Reached goal.
Distance From Goal: 0

AGENT - Reached goal.
Distance From Goal: 0

AGENT - Reached goal.
Distance From Goal: 0

AGENT - Reached goal.
Distance From Goal: 0

AGENT - Reached step limit.
Distance From Goal: 8

AGENT - Reached goal.
Distance From Goal: 0

AGENT - Reached goal.
Distance From Goal: 0

AGENT - Reached goal.
Distance From Goal: 0

AGENT - Reached goal.
Distance From Goal: 0

AGENT - Reached goal.
Distance From Goal: 0

AGENT - Reached goal.
Distance From Goal: 0

AGENT - Reached step limit.
Distance From Goal: 4

AGENT - Reached goal.
Distance From Goal: 0

AGENT - Reached goal.
Distance From Goal: 0

AGENT - Reached goal.
Distance From Goal: 0

AGENT - Reached goal.
Distance From Goal: 0

AGENT - Reached goal.
Distance From Goal: 0

AGENT - Reached goal.
Distance From Goal: 0

AGENT - Reached goal.
Distance From Goal: 0

AGENT - Reached goal.
Distance From Goal: 0

AGENT - Got caught.
Distance From Goal: 9

AGENT - Reached goal.
Distance From Goal: 0

AGENT - Reached step limit.
Distance From Goal: 4

AGENT - Reached goal.
Distance From Goal: 0

AGENT - Reached goal.
Distance From Goal: 0

AGENT - Reached goal.
Distance From Goal: 0

AGENT - Reached goal.
Distance From Goal: 0

AGENT - Reached goal.
Distance From Goal: 0

AGENT - Reached goal.
Distance From Goal: 0

AGENT - Reached goal.
Distance From Goal: 0

AGENT - Reached goal.
Distance From Goal: 0

AGENT - Reached goal.
Distance From Goal: 0

AGENT - Reached goal.
Distance From Goal: 0

AGENT - Reached goal.
Distance From Goal: 0

AGENT - Reached goal.
Distance From Goal: 0

AGENT - Reached step limit.
Distance From Goal: 2

AGENT - Reached goal.
Distance From Goal: 0

AGENT - Reached goal.
Distance From Goal: 0

AGENT - Reached goal.
Distance From Goal: 0

AGENT - Reached goal.
Distance From Goal: 0

AGENT - Reached goal.
Distance From Goal: 0

AGENT - Reached step limit.
Distance From Goal: 2

AGENT - Reached goal.
Distance From Goal: 0

